{"C:\\Users\\User\\Desktop\\openapi-splitter\\src\\App.tsx": {"path":"C:\\Users\\User\\Desktop\\openapi-splitter\\src\\App.tsx","statementMap":{"0":{"start":{"line":6,"column":2},"end":{"line":10,"column":null}}},"fnMap":{"0":{"name":"App","decl":{"start":{"line":5,"column":9},"end":{"line":5,"column":15}},"loc":{"start":{"line":5,"column":15},"end":{"line":12,"column":null}},"line":5}},"branchMap":{},"s":{"0":0},"f":{"0":0},"b":{},"meta":{"lastBranch":0,"lastFunction":1,"lastStatement":1,"seen":{"f:5:9:5:15":0,"s:6:2:10:Infinity":0}}}
,"C:\\Users\\User\\Desktop\\openapi-splitter\\src\\main.tsx": {"path":"C:\\Users\\User\\Desktop\\openapi-splitter\\src\\main.tsx","statementMap":{"0":{"start":{"line":7,"column":0},"end":{"line":13,"column":null}}},"fnMap":{},"branchMap":{},"s":{"0":0},"f":{},"b":{},"meta":{"lastBranch":0,"lastFunction":0,"lastStatement":1,"seen":{"s:7:0:13:Infinity":0}}}
,"C:\\Users\\User\\Desktop\\openapi-splitter\\src\\app\\hooks.ts": {"path":"C:\\Users\\User\\Desktop\\openapi-splitter\\src\\app\\hooks.ts","statementMap":{"0":{"start":{"line":4,"column":30},"end":{"line":4,"column":null}},"1":{"start":{"line":6,"column":63},"end":{"line":6,"column":null}}},"fnMap":{"0":{"name":"(anonymous_0)","decl":{"start":{"line":4,"column":30},"end":{"line":4,"column":36}},"loc":{"start":{"line":4,"column":30},"end":{"line":4,"column":null}},"line":4}},"branchMap":{},"s":{"0":232,"1":2},"f":{"0":232},"b":{},"meta":{"lastBranch":0,"lastFunction":1,"lastStatement":2,"seen":{"s:4:30:4:Infinity":0,"f:4:30:4:36":0,"s:6:63:6:Infinity":1}}}
,"C:\\Users\\User\\Desktop\\openapi-splitter\\src\\app\\store.ts": {"path":"C:\\Users\\User\\Desktop\\openapi-splitter\\src\\app\\store.ts","statementMap":{"0":{"start":{"line":4,"column":13},"end":{"line":8,"column":null}}},"fnMap":{},"branchMap":{},"s":{"0":0},"f":{},"b":{},"meta":{"lastBranch":0,"lastFunction":0,"lastStatement":1,"seen":{"s:4:13:8:Infinity":0}}}
,"C:\\Users\\User\\Desktop\\openapi-splitter\\src\\entities\\file-system\\buildTree.ts": {"path":"C:\\Users\\User\\Desktop\\openapi-splitter\\src\\entities\\file-system\\buildTree.ts","statementMap":{"0":{"start":{"line":9,"column":30},"end":{"line":14,"column":null}},"1":{"start":{"line":16,"column":2},"end":{"line":19,"column":null}},"2":{"start":{"line":17,"column":18},"end":{"line":17,"column":null}},"3":{"start":{"line":18,"column":4},"end":{"line":18,"column":null}},"4":{"start":{"line":21,"column":2},"end":{"line":21,"column":null}},"5":{"start":{"line":29,"column":26},"end":{"line":29,"column":null}},"6":{"start":{"line":31,"column":2},"end":{"line":31,"column":null}},"7":{"start":{"line":31,"column":13},"end":{"line":31,"column":null}},"8":{"start":{"line":33,"column":2},"end":{"line":43,"column":null}},"9":{"start":{"line":34,"column":31},"end":{"line":39,"column":null}},"10":{"start":{"line":41,"column":4},"end":{"line":41,"column":null}},"11":{"start":{"line":42,"column":4},"end":{"line":42,"column":null}},"12":{"start":{"line":45,"column":12},"end":{"line":48,"column":null}},"13":{"start":{"line":47,"column":6},"end":{"line":47,"column":null}},"14":{"start":{"line":50,"column":2},"end":{"line":59,"column":null}},"15":{"start":{"line":51,"column":4},"end":{"line":56,"column":null}},"16":{"start":{"line":58,"column":4},"end":{"line":58,"column":null}},"17":{"start":{"line":61,"column":2},"end":{"line":61,"column":null}},"18":{"start":{"line":65,"column":2},"end":{"line":65,"column":null}}},"fnMap":{"0":{"name":"buildTree","decl":{"start":{"line":8,"column":16},"end":{"line":8,"column":26}},"loc":{"start":{"line":8,"column":63},"end":{"line":22,"column":null}},"line":8},"1":{"name":"(anonymous_1)","decl":{"start":{"line":16,"column":16},"end":{"line":16,"column":24}},"loc":{"start":{"line":16,"column":24},"end":{"line":19,"column":3}},"line":16},"2":{"name":"insertNode","decl":{"start":{"line":24,"column":9},"end":{"line":24,"column":null}},"loc":{"start":{"line":28,"column":2},"end":{"line":62,"column":null}},"line":28},"3":{"name":"(anonymous_3)","decl":{"start":{"line":46,"column":4},"end":{"line":46,"column":null}},"loc":{"start":{"line":47,"column":6},"end":{"line":47,"column":null}},"line":47},"4":{"name":"buildPath","decl":{"start":{"line":64,"column":9},"end":{"line":64,"column":19}},"loc":{"start":{"line":64,"column":49},"end":{"line":66,"column":null}},"line":64}},"branchMap":{"0":{"loc":{"start":{"line":31,"column":2},"end":{"line":31,"column":null}},"type":"if","locations":[{"start":{"line":31,"column":2},"end":{"line":31,"column":null}},{"start":{},"end":{}}],"line":31},"1":{"loc":{"start":{"line":33,"column":2},"end":{"line":43,"column":null}},"type":"if","locations":[{"start":{"line":33,"column":2},"end":{"line":43,"column":null}},{"start":{},"end":{}}],"line":33},"2":{"loc":{"start":{"line":47,"column":6},"end":{"line":47,"column":null}},"type":"binary-expr","locations":[{"start":{"line":47,"column":6},"end":{"line":47,"column":36}},{"start":{"line":47,"column":36},"end":{"line":47,"column":null}}],"line":47},"3":{"loc":{"start":{"line":50,"column":2},"end":{"line":59,"column":null}},"type":"if","locations":[{"start":{"line":50,"column":2},"end":{"line":59,"column":null}},{"start":{},"end":{}}],"line":50},"4":{"loc":{"start":{"line":65,"column":9},"end":{"line":65,"column":null}},"type":"cond-expr","locations":[{"start":{"line":65,"column":18},"end":{"line":65,"column":40}},{"start":{"line":65,"column":40},"end":{"line":65,"column":null}}],"line":65}},"s":{"0":0,"1":0,"2":0,"3":0,"4":0,"5":0,"6":0,"7":0,"8":0,"9":0,"10":0,"11":0,"12":0,"13":0,"14":0,"15":0,"16":0,"17":0,"18":0},"f":{"0":0,"1":0,"2":0,"3":0,"4":0},"b":{"0":[0,0],"1":[0,0],"2":[0,0],"3":[0,0],"4":[0,0]},"meta":{"lastBranch":5,"lastFunction":5,"lastStatement":19,"seen":{"f:8:16:8:26":0,"s:9:30:14:Infinity":0,"s:16:2:19:Infinity":1,"f:16:16:16:24":1,"s:17:18:17:Infinity":2,"s:18:4:18:Infinity":3,"s:21:2:21:Infinity":4,"f:24:9:24:Infinity":2,"s:29:26:29:Infinity":5,"b:31:2:31:Infinity:undefined:undefined:undefined:undefined":0,"s:31:2:31:Infinity":6,"s:31:13:31:Infinity":7,"b:33:2:43:Infinity:undefined:undefined:undefined:undefined":1,"s:33:2:43:Infinity":8,"s:34:31:39:Infinity":9,"s:41:4:41:Infinity":10,"s:42:4:42:Infinity":11,"s:45:12:48:Infinity":12,"f:46:4:46:Infinity":3,"s:47:6:47:Infinity":13,"b:47:6:47:36:47:36:47:Infinity":2,"b:50:2:59:Infinity:undefined:undefined:undefined:undefined":3,"s:50:2:59:Infinity":14,"s:51:4:56:Infinity":15,"s:58:4:58:Infinity":16,"s:61:2:61:Infinity":17,"f:64:9:64:19":4,"s:65:2:65:Infinity":18,"b:65:18:65:40:65:40:65:Infinity":4}}}
,"C:\\Users\\User\\Desktop\\openapi-splitter\\src\\entities\\file-system\\findFileByPath.ts": {"path":"C:\\Users\\User\\Desktop\\openapi-splitter\\src\\entities\\file-system\\findFileByPath.ts","statementMap":{"0":{"start":{"line":7,"column":2},"end":{"line":16,"column":null}},"1":{"start":{"line":8,"column":4},"end":{"line":10,"column":null}},"2":{"start":{"line":9,"column":6},"end":{"line":9,"column":null}},"3":{"start":{"line":12,"column":4},"end":{"line":15,"column":null}},"4":{"start":{"line":13,"column":20},"end":{"line":13,"column":null}},"5":{"start":{"line":14,"column":6},"end":{"line":14,"column":null}},"6":{"start":{"line":14,"column":17},"end":{"line":14,"column":null}},"7":{"start":{"line":18,"column":2},"end":{"line":18,"column":null}}},"fnMap":{"0":{"name":"findFileByPath","decl":{"start":{"line":3,"column":16},"end":{"line":3,"column":null}},"loc":{"start":{"line":6,"column":19},"end":{"line":19,"column":null}},"line":6}},"branchMap":{"0":{"loc":{"start":{"line":8,"column":4},"end":{"line":10,"column":null}},"type":"if","locations":[{"start":{"line":8,"column":4},"end":{"line":10,"column":null}},{"start":{},"end":{}}],"line":8},"1":{"loc":{"start":{"line":8,"column":8},"end":{"line":8,"column":54}},"type":"binary-expr","locations":[{"start":{"line":8,"column":8},"end":{"line":8,"column":33}},{"start":{"line":8,"column":33},"end":{"line":8,"column":54}}],"line":8},"2":{"loc":{"start":{"line":12,"column":4},"end":{"line":15,"column":null}},"type":"if","locations":[{"start":{"line":12,"column":4},"end":{"line":15,"column":null}},{"start":{},"end":{}}],"line":12},"3":{"loc":{"start":{"line":14,"column":6},"end":{"line":14,"column":null}},"type":"if","locations":[{"start":{"line":14,"column":6},"end":{"line":14,"column":null}},{"start":{},"end":{}}],"line":14}},"s":{"0":2,"1":1,"2":1,"3":0,"4":0,"5":0,"6":0,"7":1},"f":{"0":2},"b":{"0":[1,0],"1":[1,1],"2":[0,0],"3":[0,0]},"meta":{"lastBranch":4,"lastFunction":1,"lastStatement":8,"seen":{"f:3:16:3:Infinity":0,"s:7:2:16:Infinity":0,"b:8:4:10:Infinity:undefined:undefined:undefined:undefined":0,"s:8:4:10:Infinity":1,"b:8:8:8:33:8:33:8:54":1,"s:9:6:9:Infinity":2,"b:12:4:15:Infinity:undefined:undefined:undefined:undefined":2,"s:12:4:15:Infinity":3,"s:13:20:13:Infinity":4,"b:14:6:14:Infinity:undefined:undefined:undefined:undefined":3,"s:14:6:14:Infinity":5,"s:14:17:14:Infinity":6,"s:18:2:18:Infinity":7}}}
,"C:\\Users\\User\\Desktop\\openapi-splitter\\src\\entities\\file-system\\types.ts": {"path":"C:\\Users\\User\\Desktop\\openapi-splitter\\src\\entities\\file-system\\types.ts","statementMap":{},"fnMap":{},"branchMap":{},"s":{},"f":{},"b":{},"meta":{"lastBranch":0,"lastFunction":0,"lastStatement":0,"seen":{}}}
,"C:\\Users\\User\\Desktop\\openapi-splitter\\src\\features\\file-tree\\FileTree\\FileTree.tsx": {"path":"C:\\Users\\User\\Desktop\\openapi-splitter\\src\\features\\file-tree\\FileTree\\FileTree.tsx","statementMap":{"0":{"start":{"line":8,"column":8},"end":{"line":8,"column":null}},"1":{"start":{"line":8,"column":39},"end":{"line":8,"column":57}},"2":{"start":{"line":10,"column":2},"end":{"line":19,"column":null}},"3":{"start":{"line":11,"column":4},"end":{"line":17,"column":null}},"4":{"start":{"line":21,"column":2},"end":{"line":28,"column":null}},"5":{"start":{"line":23,"column":29},"end":{"line":23,"column":56}}},"fnMap":{"0":{"name":"FileTree","decl":{"start":{"line":7,"column":9},"end":{"line":7,"column":20}},"loc":{"start":{"line":7,"column":20},"end":{"line":30,"column":null}},"line":7},"1":{"name":"(anonymous_1)","decl":{"start":{"line":8,"column":30},"end":{"line":8,"column":39}},"loc":{"start":{"line":8,"column":39},"end":{"line":8,"column":57}},"line":8},"2":{"name":"(anonymous_2)","decl":{"start":{"line":23,"column":23},"end":{"line":23,"column":29}},"loc":{"start":{"line":23,"column":29},"end":{"line":23,"column":56}},"line":23}},"branchMap":{"0":{"loc":{"start":{"line":10,"column":2},"end":{"line":19,"column":null}},"type":"if","locations":[{"start":{"line":10,"column":2},"end":{"line":19,"column":null}},{"start":{},"end":{}}],"line":10},"1":{"loc":{"start":{"line":23,"column":29},"end":{"line":23,"column":56}},"type":"binary-expr","locations":[{"start":{"line":23,"column":29},"end":{"line":23,"column":37}},{"start":{"line":23,"column":29},"end":{"line":23,"column":56}}],"line":23}},"s":{"0":0,"1":0,"2":0,"3":0,"4":0,"5":0},"f":{"0":0,"1":0,"2":0},"b":{"0":[0,0],"1":[0,0]},"meta":{"lastBranch":2,"lastFunction":3,"lastStatement":6,"seen":{"f:7:9:7:20":0,"s:8:8:8:Infinity":0,"f:8:30:8:39":1,"s:8:39:8:57":1,"b:10:2:19:Infinity:undefined:undefined:undefined:undefined":0,"s:10:2:19:Infinity":2,"s:11:4:17:Infinity":3,"s:21:2:28:Infinity":4,"f:23:23:23:29":2,"s:23:29:23:56":5,"b:23:29:23:37:23:29:23:56":1}}}
,"C:\\Users\\User\\Desktop\\openapi-splitter\\src\\features\\file-tree\\FileTreeNode\\FileTreeNode.tsx": {"path":"C:\\Users\\User\\Desktop\\openapi-splitter\\src\\features\\file-tree\\FileTreeNode\\FileTreeNode.tsx","statementMap":{"0":{"start":{"line":13,"column":8},"end":{"line":13,"column":null}},"1":{"start":{"line":14,"column":8},"end":{"line":16,"column":null}},"2":{"start":{"line":15,"column":13},"end":{"line":15,"column":null}},"3":{"start":{"line":18,"column":26},"end":{"line":18,"column":null}},"4":{"start":{"line":20,"column":22},"end":{"line":20,"column":null}},"5":{"start":{"line":22,"column":2},"end":{"line":34,"column":null}},"6":{"start":{"line":23,"column":23},"end":{"line":23,"column":null}},"7":{"start":{"line":25,"column":4},"end":{"line":32,"column":null}},"8":{"start":{"line":29,"column":23},"end":{"line":29,"column":null}},"9":{"start":{"line":36,"column":2},"end":{"line":54,"column":null}},"10":{"start":{"line":41,"column":23},"end":{"line":41,"column":null}},"11":{"start":{"line":41,"column":38},"end":{"line":41,"column":40}},"12":{"start":{"line":48,"column":10},"end":{"line":52,"column":null}}},"fnMap":{"0":{"name":"FileTreeNode","decl":{"start":{"line":12,"column":16},"end":{"line":12,"column":29}},"loc":{"start":{"line":12,"column":53},"end":{"line":56,"column":null}},"line":12},"1":{"name":"(anonymous_1)","decl":{"start":{"line":15,"column":4},"end":{"line":15,"column":13}},"loc":{"start":{"line":15,"column":13},"end":{"line":15,"column":null}},"line":15},"2":{"name":"(anonymous_2)","decl":{"start":{"line":29,"column":17},"end":{"line":29,"column":23}},"loc":{"start":{"line":29,"column":23},"end":{"line":29,"column":null}},"line":29},"3":{"name":"(anonymous_3)","decl":{"start":{"line":41,"column":17},"end":{"line":41,"column":23}},"loc":{"start":{"line":41,"column":23},"end":{"line":41,"column":null}},"line":41},"4":{"name":"(anonymous_4)","decl":{"start":{"line":41,"column":33},"end":{"line":41,"column":38}},"loc":{"start":{"line":41,"column":38},"end":{"line":41,"column":40}},"line":41},"5":{"name":"(anonymous_5)","decl":{"start":{"line":47,"column":26},"end":{"line":47,"column":null}},"loc":{"start":{"line":48,"column":10},"end":{"line":52,"column":null}},"line":48}},"branchMap":{"0":{"loc":{"start":{"line":22,"column":2},"end":{"line":34,"column":null}},"type":"if","locations":[{"start":{"line":22,"column":2},"end":{"line":34,"column":null}},{"start":{},"end":{}}],"line":22},"1":{"loc":{"start":{"line":27,"column":41},"end":{"line":27,"column":74}},"type":"cond-expr","locations":[{"start":{"line":27,"column":54},"end":{"line":27,"column":72}},{"start":{"line":27,"column":72},"end":{"line":27,"column":74}}],"line":27},"2":{"loc":{"start":{"line":43,"column":9},"end":{"line":43,"column":30}},"type":"cond-expr","locations":[{"start":{"line":43,"column":18},"end":{"line":43,"column":25}},{"start":{"line":43,"column":25},"end":{"line":43,"column":30}}],"line":43},"3":{"loc":{"start":{"line":46,"column":7},"end":{"line":53,"column":null}},"type":"binary-expr","locations":[{"start":{"line":46,"column":7},"end":{"line":46,"column":null}},{"start":{"line":47,"column":8},"end":{"line":53,"column":null}}],"line":46}},"s":{"0":0,"1":0,"2":0,"3":0,"4":0,"5":0,"6":0,"7":0,"8":0,"9":0,"10":0,"11":0,"12":0},"f":{"0":0,"1":0,"2":0,"3":0,"4":0,"5":0},"b":{"0":[0,0],"1":[0,0],"2":[0,0],"3":[0,0]},"meta":{"lastBranch":4,"lastFunction":6,"lastStatement":13,"seen":{"f:12:16:12:29":0,"s:13:8:13:Infinity":0,"s:14:8:16:Infinity":1,"f:15:4:15:13":1,"s:15:13:15:Infinity":2,"s:18:26:18:Infinity":3,"s:20:22:20:Infinity":4,"b:22:2:34:Infinity:undefined:undefined:undefined:undefined":0,"s:22:2:34:Infinity":5,"s:23:23:23:Infinity":6,"s:25:4:32:Infinity":7,"b:27:54:27:72:27:72:27:74":1,"f:29:17:29:23":2,"s:29:23:29:Infinity":8,"s:36:2:54:Infinity":9,"f:41:17:41:23":3,"s:41:23:41:Infinity":10,"f:41:33:41:38":4,"s:41:38:41:40":11,"b:43:18:43:25:43:25:43:30":2,"b:46:7:46:Infinity:47:8:53:Infinity":3,"f:47:26:47:Infinity":5,"s:48:10:52:Infinity":12}}}
,"C:\\Users\\User\\Desktop\\openapi-splitter\\src\\features\\openapi-splitter\\openApiSlice.ts": {"path":"C:\\Users\\User\\Desktop\\openapi-splitter\\src\\features\\openapi-splitter\\openApiSlice.ts","statementMap":{"0":{"start":{"line":10,"column":35},"end":{"line":14,"column":null}},"1":{"start":{"line":16,"column":6},"end":{"line":46,"column":null}},"2":{"start":{"line":21,"column":6},"end":{"line":21,"column":null}},"3":{"start":{"line":22,"column":6},"end":{"line":22,"column":null}},"4":{"start":{"line":23,"column":6},"end":{"line":23,"column":null}},"5":{"start":{"line":27,"column":6},"end":{"line":27,"column":null}},"6":{"start":{"line":28,"column":6},"end":{"line":28,"column":null}},"7":{"start":{"line":29,"column":6},"end":{"line":29,"column":null}},"8":{"start":{"line":33,"column":6},"end":{"line":33,"column":null}},"9":{"start":{"line":37,"column":6},"end":{"line":37,"column":null}},"10":{"start":{"line":38,"column":6},"end":{"line":38,"column":null}},"11":{"start":{"line":39,"column":6},"end":{"line":39,"column":null}},"12":{"start":{"line":43,"column":6},"end":{"line":43,"column":null}},"13":{"start":{"line":54,"column":4},"end":{"line":54,"column":null}}},"fnMap":{"0":{"name":"(anonymous_0)","decl":{"start":{"line":20,"column":4},"end":{"line":20,"column":12}},"loc":{"start":{"line":20,"column":57},"end":{"line":24,"column":null}},"line":20},"1":{"name":"(anonymous_1)","decl":{"start":{"line":26,"column":4},"end":{"line":26,"column":13}},"loc":{"start":{"line":26,"column":51},"end":{"line":30,"column":null}},"line":26},"2":{"name":"(anonymous_2)","decl":{"start":{"line":32,"column":4},"end":{"line":32,"column":15}},"loc":{"start":{"line":32,"column":22},"end":{"line":34,"column":null}},"line":32},"3":{"name":"(anonymous_3)","decl":{"start":{"line":36,"column":4},"end":{"line":36,"column":15}},"loc":{"start":{"line":36,"column":22},"end":{"line":40,"column":null}},"line":36},"4":{"name":"(anonymous_4)","decl":{"start":{"line":42,"column":4},"end":{"line":42,"column":20}},"loc":{"start":{"line":42,"column":58},"end":{"line":44,"column":null}},"line":42}},"branchMap":{},"s":{"0":2,"1":2,"2":0,"3":0,"4":0,"5":3,"6":3,"7":3,"8":0,"9":1,"10":1,"11":1,"12":0,"13":2},"f":{"0":0,"1":3,"2":0,"3":1,"4":0},"b":{},"meta":{"lastBranch":0,"lastFunction":5,"lastStatement":14,"seen":{"s:10:35:14:Infinity":0,"s:16:6:46:Infinity":1,"f:20:4:20:12":0,"s:21:6:21:Infinity":2,"s:22:6:22:Infinity":3,"s:23:6:23:Infinity":4,"f:26:4:26:13":1,"s:27:6:27:Infinity":5,"s:28:6:28:Infinity":6,"s:29:6:29:Infinity":7,"f:32:4:32:15":2,"s:33:6:33:Infinity":8,"f:36:4:36:15":3,"s:37:6:37:Infinity":9,"s:38:6:38:Infinity":10,"s:39:6:39:Infinity":11,"f:42:4:42:20":4,"s:43:6:43:Infinity":12,"s:54:4:54:Infinity":13}}}
,"C:\\Users\\User\\Desktop\\openapi-splitter\\src\\features\\openapi-splitter\\splitOpenApi.ts": {"path":"C:\\Users\\User\\Desktop\\openapi-splitter\\src\\features\\openapi-splitter\\splitOpenApi.ts","statementMap":{"0":{"start":{"line":18,"column":2},"end":{"line":18,"column":null}},"1":{"start":{"line":18,"column":39},"end":{"line":18,"column":null}},"2":{"start":{"line":20,"column":15},"end":{"line":20,"column":null}},"3":{"start":{"line":22,"column":2},"end":{"line":25,"column":null}},"4":{"start":{"line":32,"column":2},"end":{"line":36,"column":null}},"5":{"start":{"line":33,"column":4},"end":{"line":33,"column":null}},"6":{"start":{"line":35,"column":4},"end":{"line":35,"column":null}},"7":{"start":{"line":38,"column":2},"end":{"line":40,"column":null}},"8":{"start":{"line":39,"column":4},"end":{"line":39,"column":null}},"9":{"start":{"line":42,"column":15},"end":{"line":42,"column":null}},"10":{"start":{"line":43,"column":41},"end":{"line":43,"column":null}},"11":{"start":{"line":45,"column":31},"end":{"line":45,"column":null}},"12":{"start":{"line":47,"column":2},"end":{"line":50,"column":null}},"13":{"start":{"line":52,"column":2},"end":{"line":65,"column":null}},"14":{"start":{"line":53,"column":22},"end":{"line":55,"column":null}},"15":{"start":{"line":57,"column":21},"end":{"line":57,"column":null}},"16":{"start":{"line":58,"column":21},"end":{"line":58,"column":null}},"17":{"start":{"line":59,"column":21},"end":{"line":59,"column":null}},"18":{"start":{"line":61,"column":4},"end":{"line":64,"column":null}},"19":{"start":{"line":67,"column":2},"end":{"line":78,"column":null}},"20":{"start":{"line":68,"column":4},"end":{"line":77,"column":null}},"21":{"start":{"line":69,"column":6},"end":{"line":69,"column":null}},"22":{"start":{"line":69,"column":47},"end":{"line":69,"column":null}},"23":{"start":{"line":71,"column":6},"end":{"line":76,"column":null}},"24":{"start":{"line":72,"column":8},"end":{"line":75,"column":null}},"25":{"start":{"line":80,"column":2},"end":{"line":80,"column":null}}},"fnMap":{"0":{"name":"isOpenApiSpec","decl":{"start":{"line":17,"column":9},"end":{"line":17,"column":23}},"loc":{"start":{"line":17,"column":57},"end":{"line":27,"column":null}},"line":17},"1":{"name":"splitOpenApi","decl":{"start":{"line":29,"column":16},"end":{"line":29,"column":29}},"loc":{"start":{"line":29,"column":58},"end":{"line":81,"column":null}},"line":29},"2":{"name":"(anonymous_2)","decl":{"start":{"line":52,"column":32},"end":{"line":52,"column":33}},"loc":{"start":{"line":52,"column":54},"end":{"line":65,"column":3}},"line":52},"3":{"name":"(anonymous_3)","decl":{"start":{"line":68,"column":39},"end":{"line":68,"column":40}},"loc":{"start":{"line":68,"column":58},"end":{"line":77,"column":5}},"line":68},"4":{"name":"(anonymous_4)","decl":{"start":{"line":71,"column":36},"end":{"line":71,"column":37}},"loc":{"start":{"line":71,"column":55},"end":{"line":76,"column":7}},"line":71}},"branchMap":{"0":{"loc":{"start":{"line":18,"column":2},"end":{"line":18,"column":null}},"type":"if","locations":[{"start":{"line":18,"column":2},"end":{"line":18,"column":null}},{"start":{},"end":{}}],"line":18},"1":{"loc":{"start":{"line":18,"column":6},"end":{"line":18,"column":39}},"type":"binary-expr","locations":[{"start":{"line":18,"column":6},"end":{"line":18,"column":14}},{"start":{"line":18,"column":14},"end":{"line":18,"column":39}}],"line":18},"2":{"loc":{"start":{"line":23,"column":4},"end":{"line":25,"column":null}},"type":"binary-expr","locations":[{"start":{"line":23,"column":4},"end":{"line":23,"column":null}},{"start":{"line":24,"column":4},"end":{"line":24,"column":null}},{"start":{"line":25,"column":4},"end":{"line":25,"column":null}}],"line":23},"3":{"loc":{"start":{"line":38,"column":2},"end":{"line":40,"column":null}},"type":"if","locations":[{"start":{"line":38,"column":2},"end":{"line":40,"column":null}},{"start":{},"end":{}}],"line":38},"4":{"loc":{"start":{"line":53,"column":22},"end":{"line":55,"column":null}},"type":"cond-expr","locations":[{"start":{"line":54,"column":8},"end":{"line":54,"column":null}},{"start":{"line":55,"column":8},"end":{"line":55,"column":null}}],"line":53},"5":{"loc":{"start":{"line":67,"column":2},"end":{"line":78,"column":null}},"type":"if","locations":[{"start":{"line":67,"column":2},"end":{"line":78,"column":null}},{"start":{},"end":{}}],"line":67},"6":{"loc":{"start":{"line":69,"column":6},"end":{"line":69,"column":null}},"type":"if","locations":[{"start":{"line":69,"column":6},"end":{"line":69,"column":null}},{"start":{},"end":{}}],"line":69},"7":{"loc":{"start":{"line":69,"column":10},"end":{"line":69,"column":47}},"type":"binary-expr","locations":[{"start":{"line":69,"column":10},"end":{"line":69,"column":20}},{"start":{"line":69,"column":20},"end":{"line":69,"column":47}}],"line":69}},"s":{"0":1,"1":0,"2":1,"3":1,"4":2,"5":2,"6":1,"7":1,"8":1,"9":0,"10":0,"11":0,"12":0,"13":0,"14":0,"15":0,"16":0,"17":0,"18":0,"19":0,"20":0,"21":0,"22":0,"23":0,"24":0,"25":0},"f":{"0":1,"1":2,"2":0,"3":0,"4":0},"b":{"0":[0,1],"1":[1,1],"2":[1,0,0],"3":[1,0],"4":[0,0],"5":[0,0],"6":[0,0],"7":[0,0]},"meta":{"lastBranch":8,"lastFunction":5,"lastStatement":26,"seen":{"f:17:9:17:23":0,"b:18:2:18:Infinity:undefined:undefined:undefined:undefined":0,"s:18:2:18:Infinity":0,"b:18:6:18:14:18:14:18:39":1,"s:18:39:18:Infinity":1,"s:20:15:20:Infinity":2,"s:22:2:25:Infinity":3,"b:23:4:23:Infinity:24:4:24:Infinity:25:4:25:Infinity":2,"f:29:16:29:29":1,"s:32:2:36:Infinity":4,"s:33:4:33:Infinity":5,"s:35:4:35:Infinity":6,"b:38:2:40:Infinity:undefined:undefined:undefined:undefined":3,"s:38:2:40:Infinity":7,"s:39:4:39:Infinity":8,"s:42:15:42:Infinity":9,"s:43:41:43:Infinity":10,"s:45:31:45:Infinity":11,"s:47:2:50:Infinity":12,"s:52:2:65:Infinity":13,"f:52:32:52:33":2,"s:53:22:55:Infinity":14,"b:54:8:54:Infinity:55:8:55:Infinity":4,"s:57:21:57:Infinity":15,"s:58:21:58:Infinity":16,"s:59:21:59:Infinity":17,"s:61:4:64:Infinity":18,"b:67:2:78:Infinity:undefined:undefined:undefined:undefined":5,"s:67:2:78:Infinity":19,"s:68:4:77:Infinity":20,"f:68:39:68:40":3,"b:69:6:69:Infinity:undefined:undefined:undefined:undefined":6,"s:69:6:69:Infinity":21,"b:69:10:69:20:69:20:69:47":7,"s:69:47:69:Infinity":22,"s:71:6:76:Infinity":23,"f:71:36:71:37":4,"s:72:8:75:Infinity":24,"s:80:2:80:Infinity":25}}}
,"C:\\Users\\User\\Desktop\\openapi-splitter\\src\\features\\openapi-splitter\\lib\\downloadZip.ts": {"path":"C:\\Users\\User\\Desktop\\openapi-splitter\\src\\features\\openapi-splitter\\lib\\downloadZip.ts","statementMap":{"0":{"start":{"line":6,"column":2},"end":{"line":9,"column":null}},"1":{"start":{"line":7,"column":4},"end":{"line":7,"column":null}},"2":{"start":{"line":8,"column":4},"end":{"line":8,"column":null}},"3":{"start":{"line":11,"column":2},"end":{"line":11,"column":null}},"4":{"start":{"line":11,"column":33},"end":{"line":11,"column":53}},"5":{"start":{"line":15,"column":14},"end":{"line":15,"column":null}},"6":{"start":{"line":17,"column":2},"end":{"line":17,"column":null}},"7":{"start":{"line":19,"column":15},"end":{"line":19,"column":null}},"8":{"start":{"line":21,"column":2},"end":{"line":21,"column":null}}},"fnMap":{"0":{"name":"addToZip","decl":{"start":{"line":5,"column":9},"end":{"line":5,"column":18}},"loc":{"start":{"line":5,"column":52},"end":{"line":12,"column":null}},"line":5},"1":{"name":"(anonymous_1)","decl":{"start":{"line":11,"column":24},"end":{"line":11,"column":33}},"loc":{"start":{"line":11,"column":33},"end":{"line":11,"column":53}},"line":11},"2":{"name":"downloadZip","decl":{"start":{"line":14,"column":22},"end":{"line":14,"column":34}},"loc":{"start":{"line":14,"column":55},"end":{"line":22,"column":null}},"line":14}},"branchMap":{"0":{"loc":{"start":{"line":6,"column":2},"end":{"line":9,"column":null}},"type":"if","locations":[{"start":{"line":6,"column":2},"end":{"line":9,"column":null}},{"start":{},"end":{}}],"line":6}},"s":{"0":0,"1":0,"2":0,"3":0,"4":0,"5":0,"6":0,"7":0,"8":0},"f":{"0":0,"1":0,"2":0},"b":{"0":[0,0]},"meta":{"lastBranch":1,"lastFunction":3,"lastStatement":9,"seen":{"f:5:9:5:18":0,"b:6:2:9:Infinity:undefined:undefined:undefined:undefined":0,"s:6:2:9:Infinity":0,"s:7:4:7:Infinity":1,"s:8:4:8:Infinity":2,"s:11:2:11:Infinity":3,"f:11:24:11:33":1,"s:11:33:11:53":4,"f:14:22:14:34":2,"s:15:14:15:Infinity":5,"s:17:2:17:Infinity":6,"s:19:15:19:Infinity":7,"s:21:2:21:Infinity":8}}}
,"C:\\Users\\User\\Desktop\\openapi-splitter\\src\\features\\upload\\UploadPanel.tsx": {"path":"C:\\Users\\User\\Desktop\\openapi-splitter\\src\\features\\upload\\UploadPanel.tsx","statementMap":{"0":{"start":{"line":9,"column":8},"end":{"line":9,"column":null}},"1":{"start":{"line":10,"column":8},"end":{"line":10,"column":null}},"2":{"start":{"line":10,"column":40},"end":{"line":10,"column":59}},"3":{"start":{"line":12,"column":22},"end":{"line":12,"column":null}},"4":{"start":{"line":14,"column":22},"end":{"line":30,"column":null}},"5":{"start":{"line":15,"column":4},"end":{"line":18,"column":null}},"6":{"start":{"line":16,"column":6},"end":{"line":16,"column":null}},"7":{"start":{"line":17,"column":6},"end":{"line":17,"column":null}},"8":{"start":{"line":20,"column":4},"end":{"line":29,"column":null}},"9":{"start":{"line":21,"column":12},"end":{"line":21,"column":null}},"10":{"start":{"line":22,"column":6},"end":{"line":22,"column":null}},"11":{"start":{"line":24,"column":6},"end":{"line":28,"column":null}},"12":{"start":{"line":25,"column":8},"end":{"line":25,"column":null}},"13":{"start":{"line":27,"column":8},"end":{"line":27,"column":null}},"14":{"start":{"line":32,"column":27},"end":{"line":48,"column":null}},"15":{"start":{"line":33,"column":19},"end":{"line":33,"column":null}},"16":{"start":{"line":35,"column":4},"end":{"line":41,"column":null}},"17":{"start":{"line":36,"column":21},"end":{"line":36,"column":null}},"18":{"start":{"line":37,"column":6},"end":{"line":40,"column":null}},"19":{"start":{"line":38,"column":8},"end":{"line":38,"column":null}},"20":{"start":{"line":39,"column":8},"end":{"line":39,"column":null}},"21":{"start":{"line":43,"column":4},"end":{"line":45,"column":null}},"22":{"start":{"line":44,"column":6},"end":{"line":44,"column":null}},"23":{"start":{"line":47,"column":4},"end":{"line":47,"column":null}},"24":{"start":{"line":50,"column":2},"end":{"line":88,"column":null}},"25":{"start":{"line":56,"column":25},"end":{"line":56,"column":null}},"26":{"start":{"line":70,"column":27},"end":{"line":70,"column":null}},"27":{"start":{"line":71,"column":14},"end":{"line":73,"column":null}},"28":{"start":{"line":72,"column":16},"end":{"line":72,"column":null}}},"fnMap":{"0":{"name":"UploadPanel","decl":{"start":{"line":8,"column":9},"end":{"line":8,"column":23}},"loc":{"start":{"line":8,"column":23},"end":{"line":90,"column":null}},"line":8},"1":{"name":"(anonymous_1)","decl":{"start":{"line":10,"column":31},"end":{"line":10,"column":40}},"loc":{"start":{"line":10,"column":40},"end":{"line":10,"column":59}},"line":10},"2":{"name":"(anonymous_2)","decl":{"start":{"line":14,"column":22},"end":{"line":14,"column":28}},"loc":{"start":{"line":14,"column":28},"end":{"line":30,"column":null}},"line":14},"3":{"name":"(anonymous_3)","decl":{"start":{"line":32,"column":27},"end":{"line":32,"column":28}},"loc":{"start":{"line":32,"column":43},"end":{"line":48,"column":null}},"line":32},"4":{"name":"(anonymous_4)","decl":{"start":{"line":35,"column":20},"end":{"line":35,"column":26}},"loc":{"start":{"line":35,"column":26},"end":{"line":41,"column":null}},"line":35},"5":{"name":"(anonymous_5)","decl":{"start":{"line":43,"column":21},"end":{"line":43,"column":27}},"loc":{"start":{"line":43,"column":27},"end":{"line":45,"column":null}},"line":43},"6":{"name":"(anonymous_6)","decl":{"start":{"line":56,"column":18},"end":{"line":56,"column":19}},"loc":{"start":{"line":56,"column":25},"end":{"line":56,"column":null}},"line":56},"7":{"name":"(anonymous_7)","decl":{"start":{"line":69,"column":22},"end":{"line":69,"column":23}},"loc":{"start":{"line":69,"column":29},"end":{"line":74,"column":null}},"line":69}},"branchMap":{"0":{"loc":{"start":{"line":15,"column":4},"end":{"line":18,"column":null}},"type":"if","locations":[{"start":{"line":15,"column":4},"end":{"line":18,"column":null}},{"start":{},"end":{}}],"line":15},"1":{"loc":{"start":{"line":24,"column":6},"end":{"line":28,"column":null}},"type":"if","locations":[{"start":{"line":24,"column":6},"end":{"line":28,"column":null}},{"start":{"line":26,"column":13},"end":{"line":28,"column":null}}],"line":24},"2":{"loc":{"start":{"line":37,"column":6},"end":{"line":40,"column":null}},"type":"if","locations":[{"start":{"line":37,"column":6},"end":{"line":40,"column":null}},{"start":{},"end":{}}],"line":37},"3":{"loc":{"start":{"line":71,"column":14},"end":{"line":73,"column":null}},"type":"if","locations":[{"start":{"line":71,"column":14},"end":{"line":73,"column":null}},{"start":{},"end":{}}],"line":71},"4":{"loc":{"start":{"line":78,"column":9},"end":{"line":81,"column":null}},"type":"binary-expr","locations":[{"start":{"line":78,"column":9},"end":{"line":78,"column":null}},{"start":{"line":79,"column":10},"end":{"line":81,"column":null}}],"line":78}},"s":{"0":232,"1":232,"2":239,"3":232,"4":232,"5":3,"6":1,"7":1,"8":2,"9":2,"10":2,"11":2,"12":2,"13":0,"14":232,"15":1,"16":1,"17":1,"18":1,"19":1,"20":1,"21":1,"22":0,"23":1,"24":232,"25":225,"26":1,"27":1,"28":1},"f":{"0":232,"1":239,"2":3,"3":1,"4":1,"5":0,"6":225,"7":1},"b":{"0":[1,2],"1":[2,0],"2":[1,0],"3":[1,0],"4":[232,3]},"meta":{"lastBranch":5,"lastFunction":8,"lastStatement":29,"seen":{"f:8:9:8:23":0,"s:9:8:9:Infinity":0,"s:10:8:10:Infinity":1,"f:10:31:10:40":1,"s:10:40:10:59":2,"s:12:22:12:Infinity":3,"s:14:22:30:Infinity":4,"f:14:22:14:28":2,"b:15:4:18:Infinity:undefined:undefined:undefined:undefined":0,"s:15:4:18:Infinity":5,"s:16:6:16:Infinity":6,"s:17:6:17:Infinity":7,"s:20:4:29:Infinity":8,"s:21:12:21:Infinity":9,"s:22:6:22:Infinity":10,"b:24:6:28:Infinity:26:13:28:Infinity":1,"s:24:6:28:Infinity":11,"s:25:8:25:Infinity":12,"s:27:8:27:Infinity":13,"s:32:27:48:Infinity":14,"f:32:27:32:28":3,"s:33:19:33:Infinity":15,"s:35:4:41:Infinity":16,"f:35:20:35:26":4,"s:36:21:36:Infinity":17,"b:37:6:40:Infinity:undefined:undefined:undefined:undefined":2,"s:37:6:40:Infinity":18,"s:38:8:38:Infinity":19,"s:39:8:39:Infinity":20,"s:43:4:45:Infinity":21,"f:43:21:43:27":5,"s:44:6:44:Infinity":22,"s:47:4:47:Infinity":23,"s:50:2:88:Infinity":24,"f:56:18:56:19":6,"s:56:25:56:Infinity":25,"f:69:22:69:23":7,"s:70:27:70:Infinity":26,"b:71:14:73:Infinity:undefined:undefined:undefined:undefined":3,"s:71:14:73:Infinity":27,"s:72:16:72:Infinity":28,"b:78:9:78:Infinity:79:10:81:Infinity":4}}}
,"C:\\Users\\User\\Desktop\\openapi-splitter\\src\\features\\viewer\\Viewer.tsx": {"path":"C:\\Users\\User\\Desktop\\openapi-splitter\\src\\features\\viewer\\Viewer.tsx","statementMap":{"0":{"start":{"line":8,"column":8},"end":{"line":8,"column":null}},"1":{"start":{"line":8,"column":39},"end":{"line":8,"column":57}},"2":{"start":{"line":9,"column":8},"end":{"line":11,"column":null}},"3":{"start":{"line":10,"column":13},"end":{"line":10,"column":null}},"4":{"start":{"line":13,"column":2},"end":{"line":15,"column":null}},"5":{"start":{"line":14,"column":4},"end":{"line":14,"column":null}},"6":{"start":{"line":17,"column":8},"end":{"line":17,"column":null}},"7":{"start":{"line":19,"column":2},"end":{"line":21,"column":null}},"8":{"start":{"line":20,"column":4},"end":{"line":20,"column":null}},"9":{"start":{"line":23,"column":2},"end":{"line":33,"column":null}}},"fnMap":{"0":{"name":"Viewer","decl":{"start":{"line":7,"column":9},"end":{"line":7,"column":18}},"loc":{"start":{"line":7,"column":18},"end":{"line":35,"column":null}},"line":7},"1":{"name":"(anonymous_1)","decl":{"start":{"line":8,"column":30},"end":{"line":8,"column":39}},"loc":{"start":{"line":8,"column":39},"end":{"line":8,"column":57}},"line":8},"2":{"name":"(anonymous_2)","decl":{"start":{"line":10,"column":4},"end":{"line":10,"column":13}},"loc":{"start":{"line":10,"column":13},"end":{"line":10,"column":null}},"line":10}},"branchMap":{"0":{"loc":{"start":{"line":13,"column":2},"end":{"line":15,"column":null}},"type":"if","locations":[{"start":{"line":13,"column":2},"end":{"line":15,"column":null}},{"start":{},"end":{}}],"line":13},"1":{"loc":{"start":{"line":13,"column":6},"end":{"line":13,"column":30}},"type":"binary-expr","locations":[{"start":{"line":13,"column":6},"end":{"line":13,"column":15}},{"start":{"line":13,"column":15},"end":{"line":13,"column":30}}],"line":13},"2":{"loc":{"start":{"line":19,"column":2},"end":{"line":21,"column":null}},"type":"if","locations":[{"start":{"line":19,"column":2},"end":{"line":21,"column":null}},{"start":{},"end":{}}],"line":19}},"s":{"0":3,"1":6,"2":3,"3":6,"4":3,"5":1,"6":2,"7":2,"8":1,"9":1},"f":{"0":3,"1":6,"2":6},"b":{"0":[1,2],"1":[3,2],"2":[1,1]},"meta":{"lastBranch":3,"lastFunction":3,"lastStatement":10,"seen":{"f:7:9:7:18":0,"s:8:8:8:Infinity":0,"f:8:30:8:39":1,"s:8:39:8:57":1,"s:9:8:11:Infinity":2,"f:10:4:10:13":2,"s:10:13:10:Infinity":3,"b:13:2:15:Infinity:undefined:undefined:undefined:undefined":0,"s:13:2:15:Infinity":4,"b:13:6:13:15:13:15:13:30":1,"s:14:4:14:Infinity":5,"s:17:8:17:Infinity":6,"b:19:2:21:Infinity:undefined:undefined:undefined:undefined":2,"s:19:2:21:Infinity":7,"s:20:4:20:Infinity":8,"s:23:2:33:Infinity":9}}}
,"C:\\Users\\User\\Desktop\\openapi-splitter\\src\\shared\\ui\\Button\\Button.tsx": {"path":"C:\\Users\\User\\Desktop\\openapi-splitter\\src\\shared\\ui\\Button\\Button.tsx","statementMap":{"0":{"start":{"line":12,"column":2},"end":{"line":18,"column":null}}},"fnMap":{"0":{"name":"Button","decl":{"start":{"line":8,"column":9},"end":{"line":8,"column":16}},"loc":{"start":{"line":11,"column":16},"end":{"line":20,"column":null}},"line":11}},"branchMap":{},"s":{"0":232},"f":{"0":232},"b":{},"meta":{"lastBranch":0,"lastFunction":1,"lastStatement":1,"seen":{"f:8:9:8:16":0,"s:12:2:18:Infinity":0}}}
,"C:\\Users\\User\\Desktop\\openapi-splitter\\src\\shared\\ui\\Header\\Header.tsx": {"path":"C:\\Users\\User\\Desktop\\openapi-splitter\\src\\shared\\ui\\Header\\Header.tsx","statementMap":{"0":{"start":{"line":4,"column":2},"end":{"line":7,"column":null}}},"fnMap":{"0":{"name":"Header","decl":{"start":{"line":3,"column":9},"end":{"line":3,"column":18}},"loc":{"start":{"line":3,"column":18},"end":{"line":9,"column":null}},"line":3}},"branchMap":{},"s":{"0":0},"f":{"0":0},"b":{},"meta":{"lastBranch":0,"lastFunction":1,"lastStatement":1,"seen":{"f:3:9:3:18":0,"s:4:2:7:Infinity":0}}}
,"C:\\Users\\User\\Desktop\\openapi-splitter\\src\\shared\\ui\\MainLayout.tsx\\MainLayout.module.css": {"path":"C:\\Users\\User\\Desktop\\openapi-splitter\\src\\shared\\ui\\MainLayout.tsx\\MainLayout.module.css","statementMap":{},"fnMap":{},"branchMap":{},"s":{},"f":{},"b":{},"meta":{"lastBranch":0,"lastFunction":0,"lastStatement":0,"seen":{}}}
,"C:\\Users\\User\\Desktop\\openapi-splitter\\src\\shared\\ui\\MainLayout.tsx\\MainLayout.tsx": {"path":"C:\\Users\\User\\Desktop\\openapi-splitter\\src\\shared\\ui\\MainLayout.tsx\\MainLayout.tsx","statementMap":{"0":{"start":{"line":6,"column":2},"end":{"line":10,"column":null}}},"fnMap":{"0":{"name":"MainLayout","decl":{"start":{"line":5,"column":9},"end":{"line":5,"column":22}},"loc":{"start":{"line":5,"column":22},"end":{"line":12,"column":null}},"line":5}},"branchMap":{},"s":{"0":0},"f":{"0":0},"b":{},"meta":{"lastBranch":0,"lastFunction":1,"lastStatement":1,"seen":{"f:5:9:5:22":0,"s:6:2:10:Infinity":0}}}
,"C:\\Users\\User\\Desktop\\openapi-splitter\\src\\shared\\ui\\ViewPanel\\ViewPanel.tsx": {"path":"C:\\Users\\User\\Desktop\\openapi-splitter\\src\\shared\\ui\\ViewPanel\\ViewPanel.tsx","statementMap":{"0":{"start":{"line":6,"column":2},"end":{"line":10,"column":null}}},"fnMap":{"0":{"name":"ViewPanel","decl":{"start":{"line":5,"column":9},"end":{"line":5,"column":21}},"loc":{"start":{"line":5,"column":21},"end":{"line":12,"column":null}},"line":5}},"branchMap":{},"s":{"0":0},"f":{"0":0},"b":{},"meta":{"lastBranch":0,"lastFunction":1,"lastStatement":1,"seen":{"f:5:9:5:21":0,"s:6:2:10:Infinity":0}}}
}
